Added Component: Designator=U8(STM-LQFP32_M)
Add component (AddParameter): Name = "ComponentLink1Description"; Value = "Manufacturer URL"; VariantName = "[No Variations]"
Add component (AddParameter): Name = "ComponentLink1URL"; Value = "http://www.st.com/"; VariantName = "[No Variations]"
Add component (AddParameter): Name = "ComponentLink2Description"; Value = "Datasheet"; VariantName = "[No Variations]"
Add component (AddParameter): Name = "ComponentLink2URL"; Value = "http://www.st.com/st-web-ui/static/active/en/resource/technical/document/datasheet/DM00092070.pdf"; VariantName = "[No Variations]"
Add component (AddParameter): Name = "Core"; Value = "ARM Cortex-M4"; VariantName = "[No Variations]"
Add component (AddParameter): Name = "D/A Converter"; Value = "3"; VariantName = "[No Variations]"
Add component (AddParameter): Name = "DatasheetVersion"; Value = "Rev. 4"; VariantName = "[No Variations]"
Add component (AddParameter): Name = "FLASH Size (Prog) (kB)"; Value = "64"; VariantName = "[No Variations]"
Add component (AddParameter): Name = "I/Os (High Current)"; Value = "25"; VariantName = "[No Variations]"
Add component (AddParameter): Name = "Internal RAM Size (kB)"; Value = "16"; VariantName = "[No Variations]"
Add component (AddParameter): Name = "Mounting Technology"; Value = "Surface Mount"; VariantName = "[No Variations]"
Add component (AddParameter): Name = "Operating Frequency(F) (Processor speed) (MHz)"; Value = "72"; VariantName = "[No Variations]"
Add component (AddParameter): Name = "Package Description"; Value = "32-Pin Low Profile Quad Flat Package, 7 x 7 mm Body, 0.8 mm Pitch"; VariantName = "[No Variations]"
Add component (AddParameter): Name = "Package Reference"; Value = "LQFP32"; VariantName = "[No Variations]"
Add component (AddParameter): Name = "Packing"; Value = "Tray"; VariantName = "[No Variations]"
Add component (AddParameter): Name = "Supply Voltage(Vcc) min (V)"; Value = "2"; VariantName = "[No Variations]"
Added Pin To Net: NetName=+3.3 Pin=U8-1
Added Pin To Net: NetName=HSE_Clock Pin=U8-2
Added Pin To Net: NetName=NRST Pin=U8-4
Added Pin To Net: NetName=VDDA Pin=U8-5
Added Pin To Net: NetName=Vout_Sensing Pin=U8-6
Added Pin To Net: NetName=GND_Sensing Pin=U8-7
Added Pin To Net: NetName=Output_ON Pin=U8-9
Added Pin To Net: NetName=FB_DAC Pin=U8-10
Added Pin To Net: NetName=ERROR_LED Pin=U8-14
Added Pin To Net: NetName=FAN1 Pin=U8-15
Added Pin To Net: NetName=GND Pin=U8-16
Added Pin To Net: NetName=+3.3 Pin=U8-17
Added Pin To Net: NetName=Dir1 Pin=U8-18
Added Pin To Net: NetName=Tx1 Pin=U8-19
Added Pin To Net: NetName=Rx1 Pin=U8-20
Added Pin To Net: NetName=SWDIO Pin=U8-23
Added Pin To Net: NetName=SWCLK Pin=U8-24
Added Pin To Net: NetName=SCL Pin=U8-25
Added Pin To Net: NetName=LM75_OS Pin=U8-27
Added Pin To Net: NetName=SDA Pin=U8-30
Added Pin To Net: NetName=BOOT0 Pin=U8-31
Added Pin To Net: NetName=GND Pin=U8-32
Add Class: Class already exists: Designator
Add Class: Class already exists: Designator
Add Class: Class already exists: Designator
Add Class: Class already exists: Designator
Add Class: Class already exists: Designator
Add Class: Class already exists: Designator
