Added Component: Designator=U5(SOP65P640X110-21N)
Added Pin To Net: NetName=VIN_MP9928 Pin=U5-1
Added Pin To Net: NetName=NetR18_1 Pin=U5-2
Added Pin To Net: NetName=NetC24_2 Pin=U5-3
Added Pin To Net: NetName=Vcc1 Pin=U5-4
Added Pin To Net: NetName=GND Pin=U5-5
Added Pin To Net: NetName=NetC25_2 Pin=U5-6
Added Pin To Net: NetName=NetC28_2 Pin=U5-7
Added Pin To Net: NetName=NetC27_2 Pin=U5-8
Added Pin To Net: NetName=NetC26_2 Pin=U5-9
Added Pin To Net: NetName=NetR11_2 Pin=U5-10
Added Pin To Net: NetName=NetR16_1 Pin=U5-11
Added Pin To Net: NetName=NetR19_1 Pin=U5-12
Added Pin To Net: NetName=NetR17_1 Pin=U5-13
Added Pin To Net: NetName=NetR14_2 Pin=U5-14
Added Pin To Net: NetName=NetR13_2 Pin=U5-15
Added Pin To Net: NetName=GND Pin=U5-16
Added Pin To Net: NetName=NetR15_2 Pin=U5-17
Added Pin To Net: NetName=Net*_1 Pin=U5-18
Added Pin To Net: NetName=NetR8_2 Pin=U5-19
Added Pin To Net: NetName=NetR9_2 Pin=U5-20
Added Pin To Net: NetName=GND Pin=U5-21
Add Class: Class already exists: Designator
Add Class: Class already exists: Designator
Add Class: Class already exists: Designator
Add Class: Class already exists: Designator
Add Class: Class already exists: Designator
Add Class: Class already exists: Designator
