CAMtasticDXP Drill Report
Serial Number:0000-00-00000
Drill File: C:\Users\User\Desktop\Engineering project hardware\DC-DC_Converter_Tester_Hardware\Projekt_Altium_Designer\DC load board\v1\Engineering_project_DC_LOAD\gerbers\v1\cam.drl
Format: 2.4
Units: English (Inch)
Step & Repeat Codes Used: NO


TOOL		SIZE		COUNT
====		======		=====

 1 		0.0150		29
 2 		0.0260		3
 3 		0.0280		60
 4 		0.0300		1
 5 		0.0335		2
 6 		0.0350		118
 7 		0.0354		4
 8 		0.0394		8
 9 		0.0402		6
 10 		0.0433		4
 11 		0.0500		9
 12 		0.0512		6
 13 		0.0591		2
 14 		0.0709		3
 15 		0.1260		4
 16 		0.1378		2
 17 		0.1969		4
