CAMtasticDXP Drill Report
Serial Number:0000-00-00000
Drill File: C:\Users\User\Desktop\Engineering project hardware\DC-DC_Converter_Tester_Hardware\Projekt_Altium_Designer\DC converter board\v1\Engineering_project_DC_power_supply\GERBERS\v3\cam.drl
Format: 2.4
Units: English (Inch)
Step & Repeat Codes Used: NO


TOOL		SIZE		COUNT
====		======		=====

 1 		0.0118		15
 2 		0.0157		10
 3 		0.0200		2
 4 		0.0236		77
 5 		0.0260		3
 6 		0.0350		199
 7 		0.0354		4
 8 		0.0394		8
 9 		0.0402		6
 10 		0.0433		4
 11 		0.0512		6
 12 		0.0591		4
 13 		0.1260		4
 14 		0.1378		2
