CAMtasticDXP Drill Report
Serial Number:0000-00-00000
Drill File: C:\Users\User\Desktop\Engineering project hardware\DC-DC_Converter_Tester_Hardware\Projekt_Altium_Designer\Main board\v1\Engineering_project_main_board\gerbers\cam.drl
Format: 2.4
Units: English (Inch)
Step & Repeat Codes Used: NO


TOOL		SIZE		COUNT
====		======		=====

 1 		0.0118		68
 2 		0.0157		19
 3 		0.0236		53
 4 		0.0260		3
 5 		0.0350		199
 6 		0.0354		8
 7 		0.0362		4
 8 		0.0394		24
 9 		0.0402		46
 10 		0.0429		20
 11 		0.0453		2
 12 		0.0512		4
 13 		0.0591		2
 14 		0.0598		2
 15 		0.0906		2
 16 		0.1260		4
 17 		0.1378		6
